0 info it worked if it ends with ok
1 verbose cli [ 'C:\\Program Files\\nodejs\\node.exe',
1 verbose cli   'C:\\Program Files\\nodejs\\node_modules\\npm\\bin\\npm-cli.js',
1 verbose cli   'start' ]
2 info using npm@3.10.10
3 info using node@v6.11.3
4 verbose run-script [ 'prestart', 'start', 'poststart' ]
5 info lifecycle 28thfeb@1.0.0~prestart: 28thfeb@1.0.0
6 silly lifecycle 28thfeb@1.0.0~prestart: no script for prestart, continuing
7 info lifecycle 28thfeb@1.0.0~start: 28thfeb@1.0.0
8 verbose lifecycle 28thfeb@1.0.0~start: unsafe-perm in lifecycle true
9 verbose lifecycle 28thfeb@1.0.0~start: PATH: C:\Program Files\nodejs\node_modules\npm\bin\node-gyp-bin;E:\masterTheses\28thfeb\node_modules\.bin;C:\ProgramData\Oracle\Java\javapath;C:\Program Files (x86)\AMD APP\bin\x86_64;C:\Program Files (x86)\AMD APP\bin\x86;C:\Program Files (x86)\Intel\iCLS Client\;C:\Program Files\Intel\iCLS Client\;C:\Windows\system32;C:\Windows;C:\Windows\System32\Wbem;C:\Windows\System32\WindowsPowerShell\v1.0\;C:\Program Files\Intel\Intel(R) Management Engine Components\DAL;C:\Program Files\Intel\Intel(R) Management Engine Components\IPT;C:\Program Files (x86)\Intel\Intel(R) Management Engine Components\DAL;C:\Program Files (x86)\Intel\Intel(R) Management Engine Components\IPT;C:\Program Files (x86)\ATI Technologies\ATI.ACE\Core-Static;C:\Program Files\Git\cmd;C:\Program Files\Java\jdk1.7.0_67\bin;C:\Program Files\Sublime Text 3;C:\Program Files\nodejs\;C:\Program Files\MongoDB\Server\3.4\bin;C:\Go\bin;C:\Program Files (x86)\Intel\OpenCL SDK\3.0\bin\x86;C:\Program Files (x86)\Intel\OpenCL SDK\3.0\bin\x64;C:\Ruby25-x64\bin;C:\Users\Devanshu\AppData\Roaming\npm
10 verbose lifecycle 28thfeb@1.0.0~start: CWD: E:\masterTheses\28thfeb
11 silly lifecycle 28thfeb@1.0.0~start: Args: [ '/d /s /c', 'nodemon index.js' ]
12 silly lifecycle 28thfeb@1.0.0~start: Returned: code: 3221225786  signal: null
13 info lifecycle 28thfeb@1.0.0~start: Failed to exec start script
14 verbose stack Error: 28thfeb@1.0.0 start: `nodemon index.js`
14 verbose stack Exit status 3221225786
14 verbose stack     at EventEmitter.<anonymous> (C:\Program Files\nodejs\node_modules\npm\lib\utils\lifecycle.js:255:16)
14 verbose stack     at emitTwo (events.js:106:13)
14 verbose stack     at EventEmitter.emit (events.js:191:7)
14 verbose stack     at ChildProcess.<anonymous> (C:\Program Files\nodejs\node_modules\npm\lib\utils\spawn.js:40:14)
14 verbose stack     at emitTwo (events.js:106:13)
14 verbose stack     at ChildProcess.emit (events.js:191:7)
14 verbose stack     at maybeClose (internal/child_process.js:920:16)
14 verbose stack     at Process.ChildProcess._handle.onexit (internal/child_process.js:230:5)
15 verbose pkgid 28thfeb@1.0.0
16 verbose cwd E:\masterTheses\28thfeb
17 error Windows_NT 6.1.7601
18 error argv "C:\\Program Files\\nodejs\\node.exe" "C:\\Program Files\\nodejs\\node_modules\\npm\\bin\\npm-cli.js" "start"
19 error node v6.11.3
20 error npm  v3.10.10
21 error code ELIFECYCLE
22 error 28thfeb@1.0.0 start: `nodemon index.js`
22 error Exit status 3221225786
23 error Failed at the 28thfeb@1.0.0 start script 'nodemon index.js'.
23 error Make sure you have the latest version of node.js and npm installed.
23 error If you do, this is most likely a problem with the 28thfeb package,
23 error not with npm itself.
23 error Tell the author that this fails on your system:
23 error     nodemon index.js
23 error You can get information on how to open an issue for this project with:
23 error     npm bugs 28thfeb
23 error Or if that isn't available, you can get their info via:
23 error     npm owner ls 28thfeb
23 error There is likely additional logging output above.
24 verbose exit [ 1, true ]
